<?xml version="1.0" encoding="UTF-8"?>
<testsuite xmlns:xsi="http://www.w3.org/2001/XMLSchema-instance" xsi:noNamespaceSchemaLocation="https://maven.apache.org/surefire/maven-surefire-plugin/xsd/surefire-test-report.xsd" version="3.0.2" name="in.anurag.moneymanager.MoneymanagerApplicationTests" time="8.671" tests="1" errors="0" skipped="0" failures="0" flakes="0">
  <properties>
[...]
</properties>
  <testcase name="contextLoads" classname="in.anurag.moneymanager.MoneymanagerApplicationTests" time="0.515">
    <system-out><![CDATA[09:44:50.876 [main] INFO org.springframework.test.context.support.AnnotationConfigContextLoaderUtils -- Could not detect default configuration classes for test class [in.anurag.moneymanager.MoneymanagerApplicationTests]: MoneymanagerApplicationTests does not declare any static, non-private, non-final, nested classes annotated with @Configuration.
09:44:51.054 [main] INFO org.springframework.boot.test.context.SpringBootTestContextBootstrapper -- Found @SpringBootConfiguration in.anurag.moneymanager.MoneyManagerApplication for test class in.anurag.moneymanager.MoneymanagerApplicationTests
09:44:51.168 [main] INFO org.springframework.test.context.support.AnnotationConfigContextLoaderUtils -- Could not detect default configuration classes for test class [in.anurag.moneymanager.MoneymanagerApplicationTests]: MoneymanagerApplicationTests does not declare any static, non-private, non-final, nested classes annotated with @Configuration.
09:44:51.169 [main] INFO org.springframework.boot.test.context.SpringBootTestContextBootstrapper -- Found @SpringBootConfiguration in.anurag.moneymanager.MoneyManagerApplication for test class in.anurag.moneymanager.MoneymanagerApplicationTests

  .   ____          _            __ _ _
 /\\ / ___'_ __ _ _(_)_ __  __ _ \ \ \ \
( ( )\___ | '_ | '_| | '_ \/ _` | \ \ \ \
 \\/  ___)| |_)| | | | | || (_| |  ) ) ) )
  '  |____| .__|_| |_|_| |_\__, | / / / /
 =========|_|==============|___/=/_/_/_/

 :: Spring Boot ::                (v4.1.1)

2026-09-13T09:44:51.646+05:30  INFO 2020 --- [moneymanager] [           main] i.a.m.MoneymanagerApplicationTests       : Starting MoneymanagerApplicationTests using Java 25.0.2 with PID 2020 (started by ANURAG HATMODE in C:\Users\ANURAG HATMODE\OneDrive\Desktop\moneymanager)
2026-09-13T09:44:51.649+05:30  INFO 2020 --- [moneymanager] [           main] i.a.m.MoneymanagerApplicationTests       : The following 1 profile is active: "prod"
2026-09-13T09:44:53.063+05:30  INFO 2020 --- [moneymanager] [           main] .s.d.r.c.RepositoryConfigurationDelegate : Bootstrapping Spring Data JPA repositories in DEFAULT mode.
2026-09-13T09:44:53.145+05:30  INFO 2020 --- [moneymanager] [           main] .s.d.r.c.RepositoryConfigurationDelegate : Finished Spring Data repository scanning in 68 ms. Found 4 JPA repository interfaces.
2026-09-13T09:44:53.807+05:30  INFO 2020 --- [moneymanager] [           main] org.hibernate.orm.jpa                    : HHH008540: Processing PersistenceUnitInfo [name: default]
2026-09-13T09:44:53.901+05:30  INFO 2020 --- [moneymanager] [           main] org.hibernate.orm.core                   : HHH000001: Hibernate ORM core version 7.4.5.Final
2026-09-13T09:44:54.551+05:30  INFO 2020 --- [moneymanager] [           main] o.s.o.j.p.SpringPersistenceUnitInfo      : No LoadTimeWeaver setup: ignoring JPA class transformer
2026-09-13T09:44:54.604+05:30  INFO 2020 --- [moneymanager] [           main] com.zaxxer.hikari.HikariDataSource       : HikariPool-1 - Starting...
2026-09-13T09:44:55.166+05:30  INFO 2020 --- [moneymanager] [           main] com.zaxxer.hikari.pool.HikariPool        : HikariPool-1 - Added connection com.mysql.cj.jdbc.ConnectionImpl@2a73a64f
2026-09-13T09:44:55.168+05:30  INFO 2020 --- [moneymanager] [           main] com.zaxxer.hikari.HikariDataSource       : HikariPool-1 - Start completed.
2026-09-13T09:44:55.293+05:30  INFO 2020 --- [moneymanager] [           main] org.hibernate.orm.connections.pooling    : HHH10001005: Database info:
	Database JDBC URL [jdbc:mysql://localhost:3306/moneymanager]
	Database driver: MySQL Connector/J
	Database dialect: MySQLDialect
	Database version: 8.0.46
	Default catalog/schema: moneymanager/undefined
	Autocommit mode: undefined/unknown
	Isolation level: REPEATABLE_READ [default REPEATABLE_READ]
	JDBC fetch size: none
	Pool: DataSourceConnectionProvider
	Minimum pool size: undefined/unknown
	Maximum pool size: undefined/unknown
2026-09-13T09:44:56.653+05:30  INFO 2020 --- [moneymanager] [           main] org.hibernate.orm.core                   : HHH000489: No JTA platform available (set 'hibernate.transaction.jta.platform' to enable JTA platform integration)
2026-09-13T09:44:56.797+05:30  INFO 2020 --- [moneymanager] [           main] j.LocalContainerEntityManagerFactoryBean : Initialized JPA EntityManagerFactory for persistence unit 'default'
2026-09-13T09:44:56.891+05:30  INFO 2020 --- [moneymanager] [           main] o.s.d.j.r.query.QueryEnhancerFactories   : Hibernate is in classpath; If applicable, HQL parser will be used.
2026-09-13T09:44:57.821+05:30  WARN 2020 --- [moneymanager] [           main] JpaBaseConfiguration$JpaWebConfiguration : spring.jpa.open-in-view is enabled by default. Therefore, database queries may be performed during view rendering. Explicitly configure spring.jpa.open-in-view to disable this warning
2026-09-13T09:44:57.962+05:30  INFO 2020 --- [moneymanager] [           main] r$InitializeUserDetailsManagerConfigurer : Global AuthenticationManager configured with UserDetailsService bean with name appUserDetailService
2026-09-13T09:44:58.656+05:30  INFO 2020 --- [moneymanager] [           main] i.a.m.MoneymanagerApplicationTests       : Started MoneymanagerApplicationTests in 7.397 seconds (process running for 9.276)
]]></system-out>
    <system-err><![CDATA[Mockito is currently self-attaching to enable the inline-mock-maker. This will no longer work in future releases of the JDK. Please add Mockito as an agent to your build as described in Mockito's documentation: https://javadoc.io/doc/org.mockito/mockito-core/latest/org.mockito/org/mockito/Mockito.html#0.3
WARNING: A Java agent has been loaded dynamically (C:\Users\ANURAG HATMODE\.m2\repository\net\bytebuddy\byte-buddy-agent\1.18.11\byte-buddy-agent-1.18.11.jar)
WARNING: If a serviceability tool is in use, please run with -XX:+EnableDynamicAgentLoading to hide this warning
WARNING: If a serviceability tool is not in use, please run with -Djdk.instrument.traceUsage for more information
WARNING: Dynamic loading of agents will be disallowed by default in a future release
]]></system-err>
  </testcase>
</testsuite>